<?xml version="1.0" encoding="UTF-8"?>
<!-- Generated by org.testng.reporters.JUnitXMLReporter -->
<testsuite ignored="0" hostname="DESKTOP-HOF3APB" failures="0" tests="3" name="Default test" time="15.369" errors="0" timestamp="2024-08-17T12:55:07 CDT">
  <testcase classname="test.LoginTest" name="testSmoke" time="0.009"/>
  <testcase classname="test.LoginTest" name="userShouldBeAbleToLogin" time="12.388"/>
  <testcase classname="test.LoginTest" name="validateAlertMessages" time="2.85"/>
</testsuite> <!-- Default test -->
