<?xml version="1.0" encoding="UTF-8"?>
<testng-results ignored="0" total="3" passed="3" failed="0" skipped="0">
  <reporter-output>
  </reporter-output>
  <suite started-at="2024-08-17T12:59:02 CDT" name="jsonProject by groups" finished-at="2024-08-17T12:59:17 CDT" duration-ms="14597">
    <groups>
      <group name="regression">
        <method signature="LoginTest.userShouldBeAbleToLogin()[pri:0, instance:test.LoginTest@71a8adcf]" name="userShouldBeAbleToLogin" class="test.LoginTest"/>
        <method signature="LoginTest.validateAlertMessages()[pri:0, instance:test.LoginTest@71a8adcf]" name="validateAlertMessages" class="test.LoginTest"/>
      </group> <!-- regression -->
      <group name="smoke">
        <method signature="LoginTest.testSmoke()[pri:0, instance:test.LoginTest@71a8adcf]" name="testSmoke" class="test.LoginTest"/>
        <method signature="LoginTest.userShouldBeAbleToLogin()[pri:0, instance:test.LoginTest@71a8adcf]" name="userShouldBeAbleToLogin" class="test.LoginTest"/>
      </group> <!-- smoke -->
    </groups>
    <test started-at="2024-08-17T12:59:02 CDT" name="GRP-smoke,regression" finished-at="2024-08-17T12:59:17 CDT" duration-ms="14597">
      <class name="test.LoginTest">
        <test-method is-config="true" signature="readJson()[pri:0, instance:test.LoginTest@71a8adcf]" started-at="2024-08-17T12:59:02 CDT" name="readJson" finished-at="2024-08-17T12:59:02 CDT" duration-ms="34" status="PASS">
          <reporter-output>
          </reporter-output>
        </test-method> <!-- readJson -->
        <test-method signature="testSmoke()[pri:0, instance:test.LoginTest@71a8adcf]" started-at="2024-08-17T12:59:02 CDT" name="testSmoke" finished-at="2024-08-17T12:59:02 CDT" duration-ms="8" status="PASS">
          <reporter-output>
          </reporter-output>
        </test-method> <!-- testSmoke -->
        <test-method is-config="true" signature="readJson()[pri:0, instance:test.LoginTest@71a8adcf]" started-at="2024-08-17T12:59:02 CDT" name="readJson" finished-at="2024-08-17T12:59:02 CDT" duration-ms="1" status="PASS">
          <reporter-output>
          </reporter-output>
        </test-method> <!-- readJson -->
        <test-method signature="userShouldBeAbleToLogin()[pri:0, instance:test.LoginTest@71a8adcf]" started-at="2024-08-17T12:59:02 CDT" name="userShouldBeAbleToLogin" finished-at="2024-08-17T12:59:14 CDT" duration-ms="11638" status="PASS">
          <reporter-output>
          </reporter-output>
        </test-method> <!-- userShouldBeAbleToLogin -->
        <test-method is-config="true" signature="readJson()[pri:0, instance:test.LoginTest@71a8adcf]" started-at="2024-08-17T12:59:14 CDT" name="readJson" finished-at="2024-08-17T12:59:14 CDT" duration-ms="1" status="PASS">
          <reporter-output>
          </reporter-output>
        </test-method> <!-- readJson -->
        <test-method signature="validateAlertMessages()[pri:0, instance:test.LoginTest@71a8adcf]" started-at="2024-08-17T12:59:14 CDT" name="validateAlertMessages" finished-at="2024-08-17T12:59:17 CDT" duration-ms="2837" status="PASS">
          <reporter-output>
          </reporter-output>
        </test-method> <!-- validateAlertMessages -->
      </class> <!-- test.LoginTest -->
    </test> <!-- GRP-smoke,regression -->
  </suite> <!-- jsonProject by groups -->
</testng-results>
