<?xml version="1.0" encoding="UTF-8"?>
<!-- Generated by org.testng.reporters.JUnitXMLReporter -->
<testsuite ignored="0" hostname="DESKTOP-HOF3APB" failures="0" tests="3" name="GRP-smoke,regression" time="14.597" errors="0" timestamp="2024-08-17T12:59:17 CDT">
  <testcase classname="test.LoginTest" name="testSmoke" time="0.008"/>
  <testcase classname="test.LoginTest" name="userShouldBeAbleToLogin" time="11.638"/>
  <testcase classname="test.LoginTest" name="validateAlertMessages" time="2.837"/>
</testsuite> <!-- GRP-smoke,regression -->
